[[1;34mINFO[m] Scanning for projects...
[[1;34mINFO[m] 
[[1;34mINFO[m] [1m------------------< [0;36mcom.microsoft.azure:azure-cosmos[0;1m >------------------[m
[[1;34mINFO[m] [1mBuilding Async SDK for SQL API of Azure Cosmos DB Service 3.0.0-a1-SNAPSHOT[m
[[1;34mINFO[m] [1m--------------------------------[ jar ]---------------------------------[m
[[1;34mINFO[m] 
[[1;34mINFO[m] [1m--- [0;32mmaven-clean-plugin:2.5:clean[m [1m(default-clean)[m @ [36mazure-cosmos[0;1m ---[m
[[1;34mINFO[m] Deleting /Users/david-noble/Workspace/Microsoft/azure-cosmosdb-java-3.0.0-SNAPSHOT+rntbd.v3/sdk/target
[[1;34mINFO[m] 
[[1;34mINFO[m] [1m--- [0;32mmaven-resources-plugin:2.6:resources[m [1m(default-resources)[m @ [36mazure-cosmos[0;1m ---[m
[[1;34mINFO[m] Using 'UTF-8' encoding to copy filtered resources.
[[1;34mINFO[m] skip non existing resourceDirectory /Users/david-noble/Workspace/Microsoft/azure-cosmosdb-java-3.0.0-SNAPSHOT+rntbd.v3/sdk/src/main/resources
[[1;34mINFO[m] 
[[1;34mINFO[m] [1m--- [0;32mmaven-compiler-plugin:3.6.0:compile[m [1m(default-compile)[m @ [36mazure-cosmos[0;1m ---[m
[[1;34mINFO[m] Changes detected - recompiling the module!
[[1;34mINFO[m] Compiling 103 source files to /Users/david-noble/Workspace/Microsoft/azure-cosmosdb-java-3.0.0-SNAPSHOT+rntbd.v3/sdk/target/classes
[[1;34mINFO[m] /Users/david-noble/Workspace/Microsoft/azure-cosmosdb-java-3.0.0-SNAPSHOT+rntbd.v3/sdk/src/main/java/com/azure/data/cosmos/CosmosStoredProcedure.java: Some input files use unchecked or unsafe operations.
[[1;34mINFO[m] /Users/david-noble/Workspace/Microsoft/azure-cosmosdb-java-3.0.0-SNAPSHOT+rntbd.v3/sdk/src/main/java/com/azure/data/cosmos/CosmosStoredProcedure.java: Recompile with -Xlint:unchecked for details.
[[1;34mINFO[m] 
[[1;34mINFO[m] [1m--- [0;32mmaven-resources-plugin:2.6:testResources[m [1m(default-testResources)[m @ [36mazure-cosmos[0;1m ---[m
[[1;34mINFO[m] Using 'UTF-8' encoding to copy filtered resources.
[[1;34mINFO[m] Copying 7 resources
[[1;34mINFO[m] 
[[1;34mINFO[m] [1m--- [0;32mmaven-compiler-plugin:3.6.0:testCompile[m [1m(default-testCompile)[m @ [36mazure-cosmos[0;1m ---[m
[[1;34mINFO[m] Changes detected - recompiling the module!
[[1;34mINFO[m] Compiling 89 source files to /Users/david-noble/Workspace/Microsoft/azure-cosmosdb-java-3.0.0-SNAPSHOT+rntbd.v3/sdk/target/test-classes
[[1;34mINFO[m] /Users/david-noble/Workspace/Microsoft/azure-cosmosdb-java-3.0.0-SNAPSHOT+rntbd.v3/sdk/src/test/java/com/azure/data/cosmos/rx/SinglePartitionDocumentQueryTest.java: Some input files use unchecked or unsafe operations.
[[1;34mINFO[m] /Users/david-noble/Workspace/Microsoft/azure-cosmosdb-java-3.0.0-SNAPSHOT+rntbd.v3/sdk/src/test/java/com/azure/data/cosmos/rx/SinglePartitionDocumentQueryTest.java: Recompile with -Xlint:unchecked for details.
[[1;34mINFO[m] 
[[1;34mINFO[m] [1m--- [0;32mmaven-surefire-plugin:2.22.0:test[m [1m(default-test)[m @ [36mazure-cosmos[0;1m ---[m
[[1;34mINFO[m] 
[[1;34mINFO[m] -------------------------------------------------------
[[1;34mINFO[m]  T E S T S
[[1;34mINFO[m] -------------------------------------------------------
[[1;34mINFO[m] Running [1mTestSuite[m
2019-06-19 10:28:11,902       [main] INFO  TestSuiteBase - Max test consistency to use is [Strong]
2019-06-19 10:28:11,911       [main] INFO  TestSuiteBase - Will Use ConnectionMode [GATEWAY], Consistency [Session], Protocol [Tcp]
2019-06-19 10:28:11,913       [main] INFO  TestSuiteBase - Will Use ConnectionMode [DIRECT], Consistency [Eventual], Protocol [Tcp]
2019-06-19 10:28:11,961       [main] INFO  TestSuiteBase - Max test consistency to use is [Strong]
2019-06-19 10:28:11,968       [main] INFO  TestSuiteBase - Will Use ConnectionMode [GATEWAY], Consistency [Session], Protocol [Tcp]
2019-06-19 10:28:11,968       [main] INFO  TestSuiteBase - Will Use ConnectionMode [DIRECT], Consistency [Session], Protocol [Tcp]
2019-06-19 10:28:11,995       [main] INFO  TestSuiteBase - Will Use ConnectionMode [GATEWAY], Consistency [Session], Protocol [Tcp]
2019-06-19 10:28:11,995       [main] INFO  TestSuiteBase - Will Use ConnectionMode [DIRECT], Consistency [Session], Protocol [Tcp]
2019-06-19 10:28:12,004       [main] INFO  TestSuiteBase - Max test consistency to use is [Strong]
2019-06-19 10:28:12,009       [main] INFO  TestSuiteBase - Will Use ConnectionMode [DIRECT], Consistency [Session], Protocol [Tcp]
2019-06-19 10:28:12,012       [main] INFO  TestSuiteBase - Max test consistency to use is [Strong]
2019-06-19 10:28:12,016       [main] INFO  TestSuiteBase - Will Use ConnectionMode [DIRECT], Consistency [Eventual], Protocol [Https]
2019-06-19 10:28:12,031       [main] INFO  TestSuiteBase - Max test consistency to use is [Strong]
2019-06-19 10:28:12,034       [main] INFO  TestSuiteBase - Will Use ConnectionMode [DIRECT], Consistency [Session], Protocol [Tcp]
2019-06-19 10:28:12,042       [main] INFO  TestSuiteBase - Max test consistency to use is [Strong]
2019-06-19 10:28:12,045       [main] INFO  TestSuiteBase - Will Use ConnectionMode [DIRECT], Consistency [Eventual], Protocol [Https]
2019-06-19 10:28:12,053       [main] INFO  TestSuiteBase - Max test consistency to use is [Strong]
2019-06-19 10:28:12,056       [main] INFO  TestSuiteBase - Will Use ConnectionMode [DIRECT], Consistency [Session], Protocol [Tcp]
2019-06-19 10:28:12,062       [main] INFO  TestSuiteBase - Max test consistency to use is [Strong]
2019-06-19 10:28:12,065       [main] INFO  TestSuiteBase - Will Use ConnectionMode [DIRECT], Consistency [Session], Protocol [Tcp]
2019-06-19 10:28:12,071       [main] INFO  TestSuiteBase - Max test consistency to use is [Strong]
2019-06-19 10:28:12,074       [main] INFO  TestSuiteBase - Will Use ConnectionMode [DIRECT], Consistency [Session], Protocol [Tcp]
2019-06-19 10:28:12,076       [main] INFO  TestSuiteBase - Max test consistency to use is [Strong]
2019-06-19 10:28:12,079       [main] INFO  TestSuiteBase - Will Use ConnectionMode [DIRECT], Consistency [Session], Protocol [Tcp]
2019-06-19 10:28:12,086       [main] INFO  TestSuiteBase - Max test consistency to use is [Strong]
2019-06-19 10:28:12,088       [main] INFO  TestSuiteBase - Will Use ConnectionMode [DIRECT], Consistency [Eventual], Protocol [Tcp]
2019-06-19 10:28:12,091       [main] INFO  TestSuiteBase - Max test consistency to use is [Strong]
2019-06-19 10:28:12,093       [main] INFO  TestSuiteBase - Will Use ConnectionMode [DIRECT], Consistency [Session], Protocol [Tcp]
2019-06-19 10:28:12,099       [main] INFO  TestSuiteBase - Max test consistency to use is [Strong]
2019-06-19 10:28:12,101       [main] INFO  TestSuiteBase - Will Use ConnectionMode [DIRECT], Consistency [Session], Protocol [Tcp]
2019-06-19 10:28:12,103       [main] INFO  TestSuiteBase - Max test consistency to use is [Strong]
2019-06-19 10:28:12,105       [main] INFO  TestSuiteBase - Will Use ConnectionMode [DIRECT], Consistency [Session], Protocol [Tcp]
2019-06-19 10:28:12,107       [main] INFO  TestSuiteBase - Max test consistency to use is [Strong]
2019-06-19 10:28:12,110       [main] INFO  TestSuiteBase - Will Use ConnectionMode [DIRECT], Consistency [Session], Protocol [Tcp]
2019-06-19 10:28:12,113       [main] INFO  TestSuiteBase - Max test consistency to use is [Strong]
2019-06-19 10:28:12,115       [main] INFO  TestSuiteBase - Will Use ConnectionMode [DIRECT], Consistency [Session], Protocol [Tcp]
2019-06-19 10:28:12,117       [main] INFO  TestSuiteBase - Max test consistency to use is [Strong]
2019-06-19 10:28:12,120       [main] INFO  TestSuiteBase - Will Use ConnectionMode [DIRECT], Consistency [Session], Protocol [Tcp]
2019-06-19 10:28:12,127       [main] INFO  TestSuiteBase - Max test consistency to use is [Strong]
2019-06-19 10:28:12,129       [main] INFO  TestSuiteBase - Will Use ConnectionMode [DIRECT], Consistency [Session], Protocol [Tcp]
2019-06-19 10:28:12,132       [main] INFO  TestSuiteBase - Max test consistency to use is [Strong]
2019-06-19 10:28:12,135       [main] INFO  TestSuiteBase - Will Use ConnectionMode [DIRECT], Consistency [Session], Protocol [Tcp]
2019-06-19 10:28:12,142       [main] INFO  TestSuiteBase - Max test consistency to use is [Strong]
2019-06-19 10:28:12,145       [main] INFO  TestSuiteBase - Will Use ConnectionMode [DIRECT], Consistency [Session], Protocol [Tcp]
2019-06-19 10:28:12,147       [main] INFO  TestSuiteBase - Max test consistency to use is [Strong]
2019-06-19 10:28:12,149       [main] INFO  TestSuiteBase - Will Use ConnectionMode [DIRECT], Consistency [Session], Protocol [Tcp]
2019-06-19 10:28:12,152       [main] INFO  TestSuiteBase - Max test consistency to use is [Strong]
2019-06-19 10:28:12,154       [main] INFO  TestSuiteBase - Will Use ConnectionMode [DIRECT], Consistency [Eventual], Protocol [Tcp]
2019-06-19 10:28:12,157       [main] INFO  TestSuiteBase - Max test consistency to use is [Strong]
2019-06-19 10:28:12,159       [main] INFO  TestSuiteBase - Will Use ConnectionMode [DIRECT], Consistency [Session], Protocol [Tcp]
2019-06-19 10:28:12,161       [main] INFO  TestSuiteBase - Max test consistency to use is [Strong]
2019-06-19 10:28:12,164       [main] INFO  TestSuiteBase - Will Use ConnectionMode [DIRECT], Consistency [Session], Protocol [Tcp]
2019-06-19 10:28:12,166       [main] INFO  TestSuiteBase - Max test consistency to use is [Strong]
2019-06-19 10:28:12,168       [main] INFO  TestSuiteBase - Will Use ConnectionMode [DIRECT], Consistency [Session], Protocol [Tcp]
2019-06-19 10:28:12,173       [main] INFO  TestSuiteBase - Max test consistency to use is [Strong]
2019-06-19 10:28:12,175       [main] INFO  TestSuiteBase - Will Use ConnectionMode [DIRECT], Consistency [Session], Protocol [Tcp]
2019-06-19 10:28:12,177       [main] INFO  TestSuiteBase - Max test consistency to use is [Strong]
2019-06-19 10:28:12,179       [main] INFO  TestSuiteBase - Will Use ConnectionMode [DIRECT], Consistency [Session], Protocol [Tcp]
2019-06-19 10:28:12,182       [main] INFO  TestSuiteBase - Max test consistency to use is [Strong]
2019-06-19 10:28:12,184       [main] INFO  TestSuiteBase - Will Use ConnectionMode [DIRECT], Consistency [Session], Protocol [Tcp]
2019-06-19 10:28:12,190       [main] INFO  TestSuiteBase - Max test consistency to use is [Strong]
2019-06-19 10:28:12,193       [main] INFO  TestSuiteBase - Will Use ConnectionMode [DIRECT], Consistency [Session], Protocol [Tcp]
2019-06-19 10:28:12,211       [main] INFO  TestSuiteBase - Max test consistency to use is [Strong]
2019-06-19 10:28:12,213       [main] INFO  TestSuiteBase - Will Use ConnectionMode [DIRECT], Consistency [Session], Protocol [Tcp]
2019-06-19 10:28:12,833       [TestNG-method=orderByPartitionSplit-1] INFO  com.azure.data.cosmos.internal.query.DocumentProducer - DocumentProducer handling a partition split in [Mock for PartitionKeyRange, hashCode: 1303472429], detail:[CosmosClientException{error={}, resourceAddress='null', statusCode=410, message=null, causeInfo=null, responseHeaders={x-ms-substatus=1002}, requestHeaders=null}]
2019-06-19 10:28:12,920       [TestNG-method=orderByPartitionSplit-1] INFO  com.azure.data.cosmos.internal.query.DocumentProducer - DocumentProducer handling a partition split in [Mock for PartitionKeyRange, hashCode: 1224148651], detail:[CosmosClientException{error={}, resourceAddress='null', statusCode=410, message=null, causeInfo=null, responseHeaders={x-ms-substatus=1002}, requestHeaders=null}]
2019-06-19 10:28:14,034       [TestNG-method=orderByPartitionSplit-1] INFO  com.azure.data.cosmos.internal.query.DocumentProducer - DocumentProducer handling a partition split in [Mock for PartitionKeyRange, hashCode: 1212067429], detail:[CosmosClientException{error={}, resourceAddress='null', statusCode=410, message=null, causeInfo=null, responseHeaders={x-ms-substatus=1002}, requestHeaders=null}]
2019-06-19 10:28:15,191       [TestNG-method=orderByPartitionSplit-1] INFO  com.azure.data.cosmos.internal.query.DocumentProducer - DocumentProducer handling a partition split in [Mock for PartitionKeyRange, hashCode: 1893671011], detail:[CosmosClientException{error={}, resourceAddress='null', statusCode=410, message=null, causeInfo=null, responseHeaders={x-ms-substatus=1002}, requestHeaders=null}]
2019-06-19 10:28:15,491       [TestNG-method=orderByPartitionSplit-1] INFO  com.azure.data.cosmos.internal.query.DocumentProducer - DocumentProducer handling a partition split in [Mock for PartitionKeyRange, hashCode: 1602363008], detail:[CosmosClientException{error={}, resourceAddress='null', statusCode=410, message=null, causeInfo=null, responseHeaders={x-ms-substatus=1002}, requestHeaders=null}]
2019-06-19 10:28:15,507       [TestNG-method=orderByPartitionSplit-1] INFO  com.azure.data.cosmos.internal.query.DocumentProducer - DocumentProducer handling a partition split in [Mock for PartitionKeyRange, hashCode: 711295860], detail:[CosmosClientException{error={}, resourceAddress='null', statusCode=410, message=null, causeInfo=null, responseHeaders={x-ms-substatus=1002}, requestHeaders=null}]
2019-06-19 10:28:15,515       [TestNG-method=orderByPartitionSplit-1] INFO  com.azure.data.cosmos.internal.query.DocumentProducer - DocumentProducer handling a partition split in [Mock for PartitionKeyRange, hashCode: 704371623], detail:[CosmosClientException{error={}, resourceAddress='null', statusCode=410, message=null, causeInfo=null, responseHeaders={x-ms-substatus=1002}, requestHeaders=null}]
2019-06-19 10:28:15,522       [TestNG-method=orderByPartitionSplit-1] INFO  com.azure.data.cosmos.internal.query.DocumentProducer - DocumentProducer handling a partition split in [Mock for PartitionKeyRange, hashCode: 79574546], detail:[CosmosClientException{error={}, resourceAddress='null', statusCode=410, message=null, causeInfo=null, responseHeaders={x-ms-substatus=1002}, requestHeaders=null}]
2019-06-19 10:28:15,556       [TestNG-method=partitionSplit-1] INFO  com.azure.data.cosmos.internal.query.DocumentProducer - DocumentProducer handling a partition split in [Mock for PartitionKeyRange, hashCode: 1781343776], detail:[CosmosClientException{error={}, resourceAddress='null', statusCode=410, message=null, causeInfo=null, responseHeaders={x-ms-substatus=1002}, requestHeaders=null}]
2019-06-19 10:28:15,577       [TestNG-method=partitionSplit-1] INFO  com.azure.data.cosmos.internal.query.DocumentProducer - DocumentProducer handling a partition split in [Mock for PartitionKeyRange, hashCode: 1790057545], detail:[CosmosClientException{error={}, resourceAddress='null', statusCode=410, message=null, causeInfo=null, responseHeaders={x-ms-substatus=1002}, requestHeaders=null}]
2019-06-19 10:28:15,841       [TestNG-method=partitionSplit-1] INFO  com.azure.data.cosmos.internal.query.DocumentProducer - DocumentProducer handling a partition split in [Mock for PartitionKeyRange, hashCode: 1294839529], detail:[CosmosClientException{error={}, resourceAddress='null', statusCode=410, message=null, causeInfo=null, responseHeaders={x-ms-substatus=1002}, requestHeaders=null}]
2019-06-19 10:28:17,087       [TestNG-method=partitionSplit-1] INFO  com.azure.data.cosmos.internal.query.DocumentProducer - DocumentProducer handling a partition split in [Mock for PartitionKeyRange, hashCode: 673480668], detail:[CosmosClientException{error={}, resourceAddress='null', statusCode=410, message=null, causeInfo=null, responseHeaders={x-ms-substatus=1002}, requestHeaders=null}]
2019-06-19 10:28:17,436       [TestNG-method=partitionSplit-1] INFO  com.azure.data.cosmos.internal.query.DocumentProducer - DocumentProducer handling a partition split in [Mock for PartitionKeyRange, hashCode: 18370726], detail:[CosmosClientException{error={}, resourceAddress='null', statusCode=410, message=null, causeInfo=null, responseHeaders={x-ms-substatus=1002}, requestHeaders=null}]
2019-06-19 10:28:17,445       [TestNG-method=partitionSplit-1] INFO  com.azure.data.cosmos.internal.query.DocumentProducer - DocumentProducer handling a partition split in [Mock for PartitionKeyRange, hashCode: 1028098519], detail:[CosmosClientException{error={}, resourceAddress='null', statusCode=410, message=null, causeInfo=null, responseHeaders={x-ms-substatus=1002}, requestHeaders=null}]
2019-06-19 10:28:17,453       [TestNG-method=partitionSplit-1] INFO  com.azure.data.cosmos.internal.query.DocumentProducer - DocumentProducer handling a partition split in [Mock for PartitionKeyRange, hashCode: 1297725950], detail:[CosmosClientException{error={}, resourceAddress='null', statusCode=410, message=null, causeInfo=null, responseHeaders={x-ms-substatus=1002}, requestHeaders=null}]
2019-06-19 10:28:17,457       [TestNG-method=partitionSplit-1] INFO  com.azure.data.cosmos.internal.query.DocumentProducer - DocumentProducer handling a partition split in [Mock for PartitionKeyRange, hashCode: 1054477354], detail:[CosmosClientException{error={}, resourceAddress='null', statusCode=410, message=null, causeInfo=null, responseHeaders={x-ms-substatus=1002}, requestHeaders=null}]
2019-06-19 10:28:17,466       [TestNG-method=retries-1] WARN  com.azure.data.cosmos.internal.ResourceThrottleRetryPolicy - Operation will be retried after 10 milliseconds. Current attempt 1, Cumulative delay PT0.01S
2019-06-19 10:28:17,504       [TestNG-method=retriesExhausted-1] WARN  com.azure.data.cosmos.internal.ResourceThrottleRetryPolicy - Operation will be retried after 10 milliseconds. Current attempt 1, Cumulative delay PT0.01S
2019-06-19 10:28:17,516       [parallel-2] WARN  com.azure.data.cosmos.internal.ResourceThrottleRetryPolicy - Operation will be retried after 10 milliseconds. Current attempt 2, Cumulative delay PT0.02S
2019-06-19 10:28:17,527       [parallel-3] WARN  com.azure.data.cosmos.internal.ResourceThrottleRetryPolicy - Operation will be retried after 10 milliseconds. Current attempt 3, Cumulative delay PT0.03S
2019-06-19 10:28:17,540       [parallel-4] WARN  com.azure.data.cosmos.internal.ResourceThrottleRetryPolicy - Operation will be retried after 10 milliseconds. Current attempt 4, Cumulative delay PT0.04S
2019-06-19 10:28:17,551       [parallel-5] WARN  com.azure.data.cosmos.internal.ResourceThrottleRetryPolicy - Operation will be retried after 10 milliseconds. Current attempt 5, Cumulative delay PT0.05S
2019-06-19 10:28:17,562       [parallel-6] WARN  com.azure.data.cosmos.internal.ResourceThrottleRetryPolicy - Operation will be retried after 10 milliseconds. Current attempt 6, Cumulative delay PT0.06S
2019-06-19 10:28:17,573       [parallel-7] WARN  com.azure.data.cosmos.internal.ResourceThrottleRetryPolicy - Operation will be retried after 10 milliseconds. Current attempt 7, Cumulative delay PT0.07S
2019-06-19 10:28:17,584       [parallel-8] WARN  com.azure.data.cosmos.internal.ResourceThrottleRetryPolicy - Operation will be retried after 10 milliseconds. Current attempt 8, Cumulative delay PT0.08S
2019-06-19 10:28:17,597       [parallel-9] WARN  com.azure.data.cosmos.internal.ResourceThrottleRetryPolicy - Operation will be retried after 10 milliseconds. Current attempt 9, Cumulative delay PT0.09S
2019-06-19 10:28:17,794       [parallel-10] ERROR com.azure.data.cosmos.internal.query.DocumentProducer - Unexpected failure
PASSED: orderByPartitionSplit("init-cp", 10, 5, 6)
PASSED: orderByPartitionSplit(null, 10, 5, 6)
PASSED: orderByPartitionSplit(null, 1000, 500, 600)
PASSED: orderByPartitionSplit("init-cp", 1000, 500, 600)
PASSED: orderByPartitionSplit("init-cp", 0, 10, 12)
PASSED: orderByPartitionSplit(null, 0, 10, 12)
PASSED: orderByPartitionSplit(null, 0, 1, 1)
PASSED: orderByPartitionSplit(null, 10, 1, 1)
PASSED: partitionSplit("init-cp", 10, 5, 6)
PASSED: partitionSplit(null, 10, 5, 6)
PASSED: partitionSplit(null, 1000, 500, 600)
PASSED: partitionSplit("init-cp", 1000, 500, 600)
PASSED: partitionSplit("init-cp", 0, 10, 12)
PASSED: partitionSplit(null, 0, 10, 12)
PASSED: partitionSplit(null, 0, 1, 1)
PASSED: partitionSplit(null, 10, 1, 1)
PASSED: retries
PASSED: retriesExhausted
PASSED: simple
PASSED: openAsync
PASSED: resolveAsync
PASSED: lowerConsistencies
PASSED: parseAccountConsistency
PASSED: parseDesiredConsistencies
PASSED: parseDesiredConsistencies_null
PASSED: parsePreferredLocation
PASSED: parsePreferredLocation_null
PASSED: protocols
PASSED: changeFeed
PASSED: query(com.azure.data.cosmos.FeedOptions@5e17553a, -1)
PASSED: query(com.azure.data.cosmos.FeedOptions@3eb91815, -1)
PASSED: query(com.azure.data.cosmos.FeedOptions@56dc1551, 200)
PASSED: query(com.azure.data.cosmos.FeedOptions@102cec62, 20)

===============================================
    Surefire test
    Tests run: 33, Failures: 0, Skips: 0
===============================================


===============================================
Surefire suite
Total tests run: 33, Failures: 0, Skips: 0
===============================================

[[1;34mINFO[m] [1;32mTests run: [0;1;32m33[m, Failures: 0, Errors: 0, Skipped: 0, Time elapsed: 7.388 s - in [1mTestSuite[m
[[1;34mINFO[m] 
[[1;34mINFO[m] Results:
[[1;34mINFO[m] 
[[1;34mINFO[m] [1;32mTests run: 33, Failures: 0, Errors: 0, Skipped: 0[m
[[1;34mINFO[m] 
[[1;34mINFO[m] 
[[1;34mINFO[m] [1m--- [0;32mmaven-jar-plugin:2.4:jar[m [1m(default-jar)[m @ [36mazure-cosmos[0;1m ---[m
[[1;34mINFO[m] Building jar: /Users/david-noble/Workspace/Microsoft/azure-cosmosdb-java-3.0.0-SNAPSHOT+rntbd.v3/sdk/target/azure-cosmos-3.0.0-a1-SNAPSHOT.jar
[[1;34mINFO[m] 
[[1;34mINFO[m] [1m--- [0;32mmaven-javadoc-plugin:3.0.1:jar[m [1m(attach-javadocs)[m @ [36mazure-cosmos[0;1m ---[m
[[1;34mINFO[m] 
5 warnings
[[1;33mWARNING[m] Javadoc Warnings
[[1;33mWARNING[m] /Users/david-noble/Workspace/Microsoft/azure-cosmosdb-java-3.0.0-SNAPSHOT+rntbd.v3/sdk/src/main/java/com/azure/data/cosmos/changefeed/PartitionController.java:36: warning: no @param for lease
[[1;33mWARNING[m] Mono<Lease> addOrUpdateLease(Lease lease);
[[1;33mWARNING[m] ^
[[1;33mWARNING[m] /Users/david-noble/Workspace/Microsoft/azure-cosmosdb-java-3.0.0-SNAPSHOT+rntbd.v3/sdk/src/main/java/com/azure/data/cosmos/CosmosClientBuilder.java:61: warning: no description for @param
[[1;33mWARNING[m] * @param configs
[[1;33mWARNING[m] ^
[[1;33mWARNING[m] /Users/david-noble/Workspace/Microsoft/azure-cosmosdb-java-3.0.0-SNAPSHOT+rntbd.v3/sdk/src/main/java/com/azure/data/cosmos/CosmosClientBuilder.java:71: warning: no description for @param
[[1;33mWARNING[m] * @param tokenResolver
[[1;33mWARNING[m] ^
[[1;33mWARNING[m] /Users/david-noble/Workspace/Microsoft/azure-cosmosdb-java-3.0.0-SNAPSHOT+rntbd.v3/sdk/src/main/java/com/azure/data/cosmos/CosmosDatabase.java:278: warning: no @param for settings
[[1;33mWARNING[m] public Mono<CosmosUserResponse> createUser(CosmosUserSettings settings) {
[[1;33mWARNING[m] ^
[[1;33mWARNING[m] /Users/david-noble/Workspace/Microsoft/azure-cosmosdb-java-3.0.0-SNAPSHOT+rntbd.v3/sdk/src/main/java/com/azure/data/cosmos/CosmosDatabase.java:278: warning: no @return
[[1;33mWARNING[m] public Mono<CosmosUserResponse> createUser(CosmosUserSettings settings) {
[[1;33mWARNING[m] ^
[[1;34mINFO[m] Building jar: /Users/david-noble/Workspace/Microsoft/azure-cosmosdb-java-3.0.0-SNAPSHOT+rntbd.v3/sdk/target/azure-cosmos-3.0.0-a1-SNAPSHOT-javadoc.jar
[[1;34mINFO[m] 
[[1;34mINFO[m] [1m--- [0;32mmaven-source-plugin:2.2.1:jar-no-fork[m [1m(attach-sources)[m @ [36mazure-cosmos[0;1m ---[m
[[1;34mINFO[m] Building jar: /Users/david-noble/Workspace/Microsoft/azure-cosmosdb-java-3.0.0-SNAPSHOT+rntbd.v3/sdk/target/azure-cosmos-3.0.0-a1-SNAPSHOT-sources.jar
[[1;34mINFO[m] 
[[1;34mINFO[m] [1m--- [0;32mmaven-failsafe-plugin:2.22.0:integration-test[m [1m(default)[m @ [36mazure-cosmos[0;1m ---[m
[[1;34mINFO[m] 
[[1;34mINFO[m] -------------------------------------------------------
[[1;34mINFO[m]  T E S T S
[[1;34mINFO[m] -------------------------------------------------------
[[1;34mINFO[m] Running [1mTestSuite[m

===============================================
    fast
    Tests run: 0, Failures: 0, Skips: 0
===============================================


===============================================
fast
Total tests run: 0, Failures: 0, Skips: 0
===============================================

[TestNG] No tests found. Nothing was run
Usage: <main class> [options] The XML suite files to run
  Options:
    -configfailurepolicy
      Configuration failure policy (skip or continue)
    -d
      Output directory
    -dataproviderthreadcount
      Number of threads to use when running data providers
    -excludegroups
      Comma-separated list of group names to  exclude
    -groups
      Comma-separated list of group names to be run
    -junit
      JUnit mode
      Default: false
    -listener
      List of .class files or list of class names implementing ITestListener 
      or ISuiteListener
    -methods
      Comma separated of test methods
      Default: []
    -methodselectors
      List of .class files or list of class names implementing IMethodSelector
    -mixed
      Mixed mode - autodetect the type of current test and run it with 
      appropriate runner
      Default: false
    -objectfactory
      List of .class files or list of class names implementing 
      ITestRunnerFactory 
    -parallel
      Parallel mode (methods, tests or classes)
      Possible Values: [tests, methods, classes, instances, none, true, false]
    -port
      The port
    -reporter
      Extended configuration for custom report listener
    -suitename
      Default name of test suite, if not specified in suite definition file or 
      source code
    -suitethreadpoolsize
      Size of the thread pool to use to run suites
      Default: 1
    -testclass
      The list of test classes
    -testjar
      A jar file containing the tests
    -testname
      Default name of test, if not specified in suitedefinition file or source 
      code 
    -testnames
      The list of test names to run
    -testrunfactory, -testRunFactory
      The factory used to create tests
    -threadcount
      Number of threads to use when running tests in parallel
    -usedefaultlisteners
      Whether to use the default listeners
      Default: true
    -log, -verbose
      Level of verbosity
    -xmlpathinjar
      The full path to the xml file inside the jar file (only valid if 
      -testjar was specified)
      Default: testng.xml

[[1;34mINFO[m] [1mTests run: [0;1m0[m, Failures: 0, Errors: 0, Skipped: 0, Time elapsed: 1.41 s - in [1mTestSuite[m
[[1;34mINFO[m] 
[[1;34mINFO[m] Results:
[[1;34mINFO[m] 
[[1;34mINFO[m] Tests run: 0, Failures: 0, Errors: 0, Skipped: 0
[[1;34mINFO[m] 
[[1;34mINFO[m] 
[[1;34mINFO[m] [1m--- [0;32mmaven-failsafe-plugin:2.22.0:verify[m [1m(default)[m @ [36mazure-cosmos[0;1m ---[m
[[1;34mINFO[m] 
[[1;34mINFO[m] [1m--- [0;32mmaven-install-plugin:2.4:install[m [1m(default-install)[m @ [36mazure-cosmos[0;1m ---[m
[[1;34mINFO[m] Installing /Users/david-noble/Workspace/Microsoft/azure-cosmosdb-java-3.0.0-SNAPSHOT+rntbd.v3/sdk/target/azure-cosmos-3.0.0-a1-SNAPSHOT.jar to /Users/david-noble/.m2/repository/com/microsoft/azure/azure-cosmos/3.0.0-a1-SNAPSHOT/azure-cosmos-3.0.0-a1-SNAPSHOT.jar
[[1;34mINFO[m] Installing /Users/david-noble/Workspace/Microsoft/azure-cosmosdb-java-3.0.0-SNAPSHOT+rntbd.v3/sdk/pom.xml to /Users/david-noble/.m2/repository/com/microsoft/azure/azure-cosmos/3.0.0-a1-SNAPSHOT/azure-cosmos-3.0.0-a1-SNAPSHOT.pom
[[1;34mINFO[m] Installing /Users/david-noble/Workspace/Microsoft/azure-cosmosdb-java-3.0.0-SNAPSHOT+rntbd.v3/sdk/target/azure-cosmos-3.0.0-a1-SNAPSHOT-javadoc.jar to /Users/david-noble/.m2/repository/com/microsoft/azure/azure-cosmos/3.0.0-a1-SNAPSHOT/azure-cosmos-3.0.0-a1-SNAPSHOT-javadoc.jar
[[1;34mINFO[m] Installing /Users/david-noble/Workspace/Microsoft/azure-cosmosdb-java-3.0.0-SNAPSHOT+rntbd.v3/sdk/target/azure-cosmos-3.0.0-a1-SNAPSHOT-sources.jar to /Users/david-noble/.m2/repository/com/microsoft/azure/azure-cosmos/3.0.0-a1-SNAPSHOT/azure-cosmos-3.0.0-a1-SNAPSHOT-sources.jar
[[1;34mINFO[m] 
[[1;34mINFO[m] [1m--- [0;32mmaven-resources-plugin:2.6:resources[m [1m(default-resources)[m @ [36mazure-cosmos[0;1m ---[m
[[1;34mINFO[m] Using 'UTF-8' encoding to copy filtered resources.
[[1;34mINFO[m] skip non existing resourceDirectory /Users/david-noble/Workspace/Microsoft/azure-cosmosdb-java-3.0.0-SNAPSHOT+rntbd.v3/sdk/src/main/resources
[[1;34mINFO[m] 
[[1;34mINFO[m] [1m--- [0;32mmaven-compiler-plugin:3.6.0:compile[m [1m(default-compile)[m @ [36mazure-cosmos[0;1m ---[m
[[1;34mINFO[m] Changes detected - recompiling the module!
[[1;34mINFO[m] Compiling 103 source files to /Users/david-noble/Workspace/Microsoft/azure-cosmosdb-java-3.0.0-SNAPSHOT+rntbd.v3/sdk/target/classes
[[1;34mINFO[m] /Users/david-noble/Workspace/Microsoft/azure-cosmosdb-java-3.0.0-SNAPSHOT+rntbd.v3/sdk/src/main/java/com/azure/data/cosmos/CosmosStoredProcedure.java: Some input files use unchecked or unsafe operations.
[[1;34mINFO[m] /Users/david-noble/Workspace/Microsoft/azure-cosmosdb-java-3.0.0-SNAPSHOT+rntbd.v3/sdk/src/main/java/com/azure/data/cosmos/CosmosStoredProcedure.java: Recompile with -Xlint:unchecked for details.
[[1;34mINFO[m] 
[[1;34mINFO[m] [1m--- [0;32mmaven-resources-plugin:2.6:testResources[m [1m(default-testResources)[m @ [36mazure-cosmos[0;1m ---[m
[[1;34mINFO[m] Using 'UTF-8' encoding to copy filtered resources.
[[1;34mINFO[m] Copying 7 resources
[[1;34mINFO[m] 
[[1;34mINFO[m] [1m--- [0;32mmaven-compiler-plugin:3.6.0:testCompile[m [1m(default-testCompile)[m @ [36mazure-cosmos[0;1m ---[m
[[1;34mINFO[m] Nothing to compile - all classes are up to date
[[1;34mINFO[m] 
[[1;34mINFO[m] [1m--- [0;32mmaven-surefire-plugin:2.22.0:test[m [1m(default-test)[m @ [36mazure-cosmos[0;1m ---[m
[[1;34mINFO[m] Skipping execution of surefire because it has already been run for this configuration
[[1;34mINFO[m] 
[[1;34mINFO[m] [1m--- [0;32mmaven-jar-plugin:2.4:jar[m [1m(default-jar)[m @ [36mazure-cosmos[0;1m ---[m
[[1;34mINFO[m] Building jar: /Users/david-noble/Workspace/Microsoft/azure-cosmosdb-java-3.0.0-SNAPSHOT+rntbd.v3/sdk/target/azure-cosmos-3.0.0-a1-SNAPSHOT.jar
[[1;34mINFO[m] 
[[1;34mINFO[m] [1m--- [0;32mmaven-javadoc-plugin:3.0.1:jar[m [1m(attach-javadocs)[m @ [36mazure-cosmos[0;1m ---[m
[[1;34mINFO[m] 
5 warnings
[[1;33mWARNING[m] Javadoc Warnings
[[1;33mWARNING[m] /Users/david-noble/Workspace/Microsoft/azure-cosmosdb-java-3.0.0-SNAPSHOT+rntbd.v3/sdk/src/main/java/com/azure/data/cosmos/changefeed/PartitionController.java:36: warning: no @param for lease
[[1;33mWARNING[m] Mono<Lease> addOrUpdateLease(Lease lease);
[[1;33mWARNING[m] ^
[[1;33mWARNING[m] /Users/david-noble/Workspace/Microsoft/azure-cosmosdb-java-3.0.0-SNAPSHOT+rntbd.v3/sdk/src/main/java/com/azure/data/cosmos/CosmosClientBuilder.java:61: warning: no description for @param
[[1;33mWARNING[m] * @param configs
[[1;33mWARNING[m] ^
[[1;33mWARNING[m] /Users/david-noble/Workspace/Microsoft/azure-cosmosdb-java-3.0.0-SNAPSHOT+rntbd.v3/sdk/src/main/java/com/azure/data/cosmos/CosmosClientBuilder.java:71: warning: no description for @param
[[1;33mWARNING[m] * @param tokenResolver
[[1;33mWARNING[m] ^
[[1;33mWARNING[m] /Users/david-noble/Workspace/Microsoft/azure-cosmosdb-java-3.0.0-SNAPSHOT+rntbd.v3/sdk/src/main/java/com/azure/data/cosmos/CosmosDatabase.java:278: warning: no @param for settings
[[1;33mWARNING[m] public Mono<CosmosUserResponse> createUser(CosmosUserSettings settings) {
[[1;33mWARNING[m] ^
[[1;33mWARNING[m] /Users/david-noble/Workspace/Microsoft/azure-cosmosdb-java-3.0.0-SNAPSHOT+rntbd.v3/sdk/src/main/java/com/azure/data/cosmos/CosmosDatabase.java:278: warning: no @return
[[1;33mWARNING[m] public Mono<CosmosUserResponse> createUser(CosmosUserSettings settings) {
[[1;33mWARNING[m] ^
[[1;34mINFO[m] Building jar: /Users/david-noble/Workspace/Microsoft/azure-cosmosdb-java-3.0.0-SNAPSHOT+rntbd.v3/sdk/target/azure-cosmos-3.0.0-a1-SNAPSHOT-javadoc.jar
[[1;34mINFO[m] 
[[1;34mINFO[m] [1m--- [0;32mmaven-source-plugin:2.2.1:jar-no-fork[m [1m(attach-sources)[m @ [36mazure-cosmos[0;1m ---[m
[[1;34mINFO[m] Building jar: /Users/david-noble/Workspace/Microsoft/azure-cosmosdb-java-3.0.0-SNAPSHOT+rntbd.v3/sdk/target/azure-cosmos-3.0.0-a1-SNAPSHOT-sources.jar
[[1;34mINFO[m] 
[[1;34mINFO[m] [1m--- [0;32mmaven-failsafe-plugin:2.22.0:integration-test[m [1m(default)[m @ [36mazure-cosmos[0;1m ---[m
[[1;34mINFO[m] Skipping execution of surefire because it has already been run for this configuration
[[1;34mINFO[m] 
[[1;34mINFO[m] [1m--- [0;32mmaven-failsafe-plugin:2.22.0:verify[m [1m(default)[m @ [36mazure-cosmos[0;1m ---[m
[[1;34mINFO[m] [1m------------------------------------------------------------------------[m
[[1;34mINFO[m] [1;32mBUILD SUCCESS[m
[[1;34mINFO[m] [1m------------------------------------------------------------------------[m
[[1;34mINFO[m] Total time:  25.538 s
[[1;34mINFO[m] Finished at: 2019-06-19T10:28:28-07:00
[[1;34mINFO[m] [1m------------------------------------------------------------------------[m
